<?xml version="1.0" encoding="UTF-8"?>
<coverage generated="1660211458875" clover="3.2.0">
  <project timestamp="1660211458875" name="All files">
    <metrics statements="12" coveredstatements="6" conditionals="0" coveredconditionals="0" methods="3" coveredmethods="1" elements="15" coveredelements="7" complexity="0" loc="12" ncloc="12" packages="1" files="2" classes="2"/>
    <file name="App.tsx" path="C:\Users\Starla_Huang\Documents\personal\react-app\src\App.tsx">
      <metrics statements="7" coveredstatements="6" conditionals="0" coveredconditionals="0" methods="3" coveredmethods="1"/>
      <line num="1" count="1" type="stmt"/>
      <line num="2" count="1" type="stmt"/>
      <line num="3" count="1" type="stmt"/>
      <line num="6" count="1" type="stmt"/>
      <line num="8" count="1" type="stmt"/>
      <line num="20" count="0" type="stmt"/>
      <line num="34" count="1" type="stmt"/>
    </file>
    <file name="main.tsx" path="C:\Users\Starla_Huang\Documents\personal\react-app\src\main.tsx">
      <metrics statements="5" coveredstatements="0" conditionals="0" coveredconditionals="0" methods="0" coveredmethods="0"/>
      <line num="1" count="0" type="stmt"/>
      <line num="2" count="0" type="stmt"/>
      <line num="3" count="0" type="stmt"/>
      <line num="4" count="0" type="stmt"/>
      <line num="6" count="0" type="stmt"/>
    </file>
  </project>
</coverage>
