{"C:\\Users\\Starla_Huang\\Documents\\personal\\react-app\\src\\App.tsx": {"path":"C:\\Users\\Starla_Huang\\Documents\\personal\\react-app\\src\\App.tsx","statementMap":{"0":{"start":{"line":1,"column":0},"end":{"line":1,"column":32}},"1":{"start":{"line":2,"column":0},"end":{"line":2,"column":42}},"2":{"start":{"line":3,"column":0},"end":{"line":3,"column":18}},"3":{"start":{"line":6,"column":28},"end":{"line":6,"column":39}},"4":{"start":{"line":8,"column":2},"end":{"line":31,"column":null}},"5":{"start":{"line":20,"column":31},"end":{"line":20,"column":61}},"6":{"start":{"line":20,"column":51},"end":{"line":20,"column":60}},"7":{"start":{"line":34,"column":0},"end":{"line":34,"column":null}}},"fnMap":{"0":{"name":"App","decl":{"start":{"line":5,"column":9},"end":{"line":5,"column":12}},"loc":{"start":{"line":5,"column":12},"end":{"line":32,"column":1}}},"1":{"name":"(anonymous_1)","decl":{"start":{"line":20,"column":25},"end":{"line":20,"column":28}},"loc":{"start":{"line":20,"column":31},"end":{"line":20,"column":61}}},"2":{"name":"(anonymous_2)","decl":{"start":{"line":20,"column":40},"end":{"line":20,"column":41}},"loc":{"start":{"line":20,"column":51},"end":{"line":20,"column":60}}}},"branchMap":{},"s":{"0":1,"1":1,"2":1,"3":1,"4":1,"5":0,"6":0,"7":1},"f":{"0":1,"1":0,"2":0},"b":{}}
,"C:\\Users\\Starla_Huang\\Documents\\personal\\react-app\\src\\main.tsx": {"path":"C:\\Users\\Starla_Huang\\Documents\\personal\\react-app\\src\\main.tsx","statementMap":{"0":{"start":{"line":1,"column":0},"end":{"line":1,"column":25}},"1":{"start":{"line":2,"column":0},"end":{"line":2,"column":39}},"2":{"start":{"line":3,"column":0},"end":{"line":3,"column":23}},"3":{"start":{"line":4,"column":0},"end":{"line":4,"column":20}},"4":{"start":{"line":6,"column":0},"end":{"line":10,"column":null}}},"fnMap":{},"branchMap":{},"s":{"0":0,"1":0,"2":0,"3":0,"4":0},"f":{},"b":{}}
}
